#
# There is insufficient memory for the Java Runtime Environment to continue.
# Native memory allocation (mmap) failed to map 5368709120 bytes for G1 virtual space
# Possible reasons:
#   The system is out of physical RAM or swap space
#   The process is running with CompressedOops enabled, and the Java Heap may be blocking the growth of the native heap
# Possible solutions:
#   Reduce memory load on the system
#   Increase physical memory or swap space
#   Check if swap backing store is full
#   Decrease Java heap size (-Xmx/-Xms)
#   Decrease number of Java threads
#   Decrease Java thread stack sizes (-Xss)
#   Set larger code cache with -XX:ReservedCodeCacheSize=
#   JVM is running with Zero Based Compressed Oops mode in which the Java heap is
#     placed in the first 32GB address space. The Java Heap base address is the
#     maximum limit for the native heap growth. Please use -XX:HeapBaseMinAddress
#     to set the Java Heap base and to place the Java Heap above 32GB virtual address.
# This output file may be truncated or incomplete.
#
#  Out of Memory Error (os_windows.cpp:3603), pid=21084, tid=464
#
# JRE version:  (21.0.7+8) (build )
# Java VM: Java HotSpot(TM) 64-Bit Server VM (21.0.7+8-LTS-245, mixed mode, sharing, tiered, compressed oops, compressed class ptrs, g1 gc, windows-amd64)
# No core dump will be written. Minidumps are not enabled by default on client versions of Windows
#

---------------  S U M M A R Y ------------

Command Line: -Xmx5G -Xms5G server.jar nogui

Host: AMD Ryzen 7 1700 Eight-Core Processor          , 16 cores, 15G,  Windows 11 , 64 bit Build 26100 (10.0.26100.6725)
Time: Sat Oct 25 21:55:17 2025 Hora oficial do Brasil elapsed time: 0.041760 seconds (0d 0h 0m 0s)

---------------  T H R E A D  ---------------

Current thread (0x0000026603f1b270):  JavaThread "Unknown thread" [_thread_in_vm, id=464, stack(0x0000009e5a700000,0x0000009e5a800000) (1024K)]

Stack: [0x0000009e5a700000,0x0000009e5a800000]
Native frames: (J=compiled Java code, j=interpreted, Vv=VM code, C=native code)
V  [jvm.dll+0x6cae19]
V  [jvm.dll+0x855741]
V  [jvm.dll+0x857c6e]
V  [jvm.dll+0x858343]
V  [jvm.dll+0x27e0b6]
V  [jvm.dll+0x6c7595]
V  [jvm.dll+0x6bc0fa]
V  [jvm.dll+0x353eaa]
V  [jvm.dll+0x35bb26]
V  [jvm.dll+0x3ae52e]
V  [jvm.dll+0x3ae7d8]
V  [jvm.dll+0x3281bc]
V  [jvm.dll+0x328d1b]
V  [jvm.dll+0x81eaf9]
V  [jvm.dll+0x3bb211]
V  [jvm.dll+0x807d78]
V  [jvm.dll+0x4503ee]
V  [jvm.dll+0x451fe1]
C  [jli.dll+0x52a3]
C  [ucrtbase.dll+0x37b0]
C  [KERNEL32.DLL+0x2e8d7]
C  [ntdll.dll+0x8c53c]


---------------  P R O C E S S  ---------------

Threads class SMR info:
_java_thread_list=0x00007ffba70bcc48, length=0, elements={
}

Java Threads: ( => current thread )
Total: 0

Other Threads:
  0x0000026606215ac0 WorkerThread "GC Thread#0"                     [id=4592, stack(0x0000009e5a800000,0x0000009e5a900000) (1024K)]
  0x000002660623f120 ConcurrentGCThread "G1 Main Marker"            [id=7940, stack(0x0000009e5a900000,0x0000009e5aa00000) (1024K)]
  0x00000266062403c0 WorkerThread "G1 Conc#0"                       [id=14240, stack(0x0000009e5aa00000,0x0000009e5ab00000) (1024K)]

[error occurred during error reporting (printing all threads), id 0xc0000005, EXCEPTION_ACCESS_VIOLATION (0xc0000005) at pc=0x00007ffba682a947]
VM state: not at safepoint (not fully initialized)

VM Mutex/Monitor currently owned by a thread:  ([mutex/lock_event])
[0x00007ffba712df50] Heap_lock - owner thread: 0x0000026603f1b270

Heap address: 0x00000006c0000000, size: 5120 MB, Compressed Oops mode: Zero based, Oop shift amount: 3

CDS archive(s) mapped at: [0x0000000000000000-0x0000000000000000-0x0000000000000000), size 0, SharedBaseAddress: 0x0000000800000000, ArchiveRelocationMode: 1.
Narrow klass base: 0x0000000000000000, Narrow klass shift: 0, Narrow klass range: 0x0

GC Precious Log:
 CardTable entry size: 512
 Card Set container configuration: InlinePtr #cards 4 size 8 Array Of Cards #cards 32 size 80 Howl #buckets 8 coarsen threshold 7372 Howl Bitmap #cards 1024 size 144 coarsen threshold 921 Card regions per heap region 1 cards per card region 8192

Heap:
 garbage-first heap   total 0K, used 0K [0x00000006c0000000, 0x0000000800000000)
  region size 4096K, 0 young (0K), 0 survivors (0K)

[error occurred during error reporting (printing heap information), id 0xc0000005, EXCEPTION_ACCESS_VIOLATION (0xc0000005) at pc=0x00007ffba6c13e79]
GC Heap History (0 events):
No events

Dll operation events (1 events):
Event: 0.010 Loaded shared library C:\Program Files\Java\jdk-21\bin\java.dll

Deoptimization events (0 events):
No events

Classes loaded (0 events):
No events

Classes unloaded (0 events):
No events

Classes redefined (0 events):
No events

Internal exceptions (0 events):
No events

ZGC Phase Switch (0 events):
No events

VM Operations (0 events):
No events

Events (0 events):
No events


Dynamic libraries:
0x00007ff669af0000 - 0x00007ff669b00000 	C:\Program Files\Java\jdk-21\bin\java.exe
0x00007ffc46520000 - 0x00007ffc46788000 	C:\WINDOWS\SYSTEM32\ntdll.dll
0x00007ffc44320000 - 0x00007ffc443e9000 	C:\WINDOWS\System32\KERNEL32.DLL
0x00007ffc436e0000 - 0x00007ffc43ad2000 	C:\WINDOWS\System32\KERNELBASE.dll
0x00007ffc43d00000 - 0x00007ffc43e4b000 	C:\WINDOWS\System32\ucrtbase.dll
0x00007ffc10c10000 - 0x00007ffc10c29000 	C:\Program Files\Java\jdk-21\bin\jli.dll
0x00007ffbfcd00000 - 0x00007ffbfcd1b000 	C:\Program Files\Java\jdk-21\bin\VCRUNTIME140.dll
0x00007ffc461d0000 - 0x00007ffc46284000 	C:\WINDOWS\System32\ADVAPI32.dll
0x00007ffc453a0000 - 0x00007ffc45449000 	C:\WINDOWS\System32\msvcrt.dll
0x00007ffc44e00000 - 0x00007ffc44ea6000 	C:\WINDOWS\System32\sechost.dll
0x00007ffc44400000 - 0x00007ffc44518000 	C:\WINDOWS\System32\RPCRT4.dll
0x00007ffc46310000 - 0x00007ffc464d5000 	C:\WINDOWS\System32\USER32.dll
0x00007ffc436b0000 - 0x00007ffc436d7000 	C:\WINDOWS\System32\win32u.dll
0x00007ffc22ac0000 - 0x00007ffc22d53000 	C:\WINDOWS\WinSxS\amd64_microsoft.windows.common-controls_6595b64144ccf1df_6.0.26100.6899_none_3e0efeeae32e88c1\COMCTL32.dll
0x00007ffc442f0000 - 0x00007ffc4431b000 	C:\WINDOWS\System32\GDI32.dll
0x00007ffc441c0000 - 0x00007ffc442ed000 	C:\WINDOWS\System32\gdi32full.dll
0x00007ffc43ae0000 - 0x00007ffc43b83000 	C:\WINDOWS\System32\msvcp_win.dll
0x00007ffc3b230000 - 0x00007ffc3b23b000 	C:\WINDOWS\SYSTEM32\VERSION.dll
0x00007ffc45360000 - 0x00007ffc4538f000 	C:\WINDOWS\System32\IMM32.DLL
0x00007ffc2aa60000 - 0x00007ffc2aa6c000 	C:\Program Files\Java\jdk-21\bin\vcruntime140_1.dll
0x00007ffbd1190000 - 0x00007ffbd121e000 	C:\Program Files\Java\jdk-21\bin\msvcp140.dll
0x00007ffba64f0000 - 0x00007ffba720a000 	C:\Program Files\Java\jdk-21\bin\server\jvm.dll
0x00007ffc45000000 - 0x00007ffc45074000 	C:\WINDOWS\System32\WS2_32.dll
0x00007ffc43510000 - 0x00007ffc4356e000 	C:\WINDOWS\SYSTEM32\POWRPROF.dll
0x00007ffc347c0000 - 0x00007ffc347f5000 	C:\WINDOWS\SYSTEM32\WINMM.dll
0x00007ffc434f0000 - 0x00007ffc43504000 	C:\WINDOWS\SYSTEM32\UMPDC.dll
0x00007ffc42480000 - 0x00007ffc4249b000 	C:\WINDOWS\SYSTEM32\kernel.appcore.dll
0x00007ffc2a540000 - 0x00007ffc2a54a000 	C:\Program Files\Java\jdk-21\bin\jimage.dll
0x00007ffc40b70000 - 0x00007ffc40db2000 	C:\WINDOWS\SYSTEM32\DBGHELP.DLL
0x00007ffc45450000 - 0x00007ffc457cb000 	C:\WINDOWS\System32\combase.dll
0x00007ffc45080000 - 0x00007ffc45157000 	C:\WINDOWS\System32\OLEAUT32.dll
0x00007ffc1d230000 - 0x00007ffc1d26c000 	C:\WINDOWS\SYSTEM32\dbgcore.DLL
0x00007ffc43e50000 - 0x00007ffc43ee8000 	C:\WINDOWS\System32\bcryptPrimitives.dll
0x00007ffbfc920000 - 0x00007ffbfc93f000 	C:\Program Files\Java\jdk-21\bin\java.dll

dbghelp: loaded successfully - version: 4.0.5 - missing functions: none
symbol engine: initialized successfully - sym options: 0x614 - pdb path: .;C:\Program Files\Java\jdk-21\bin;C:\WINDOWS\SYSTEM32;C:\WINDOWS\WinSxS\amd64_microsoft.windows.common-controls_6595b64144ccf1df_6.0.26100.6899_none_3e0efeeae32e88c1;C:\Program Files\Java\jdk-21\bin\server

VM Arguments:
jvm_args: -Xmx5G -Xms5G 
java_command: server.jar nogui
java_class_path (initial): server.jar
Launcher Type: SUN_STANDARD

[Global flags]
     intx CICompilerCount                          = 12                                        {product} {ergonomic}
     uint ConcGCThreads                            = 3                                         {product} {ergonomic}
     uint G1ConcRefinementThreads                  = 13                                        {product} {ergonomic}
   size_t G1HeapRegionSize                         = 4194304                                   {product} {ergonomic}
    uintx GCDrainStackTargetSize                   = 64                                        {product} {ergonomic}
   size_t InitialHeapSize                          = 5368709120                                {product} {command line}
   size_t MarkStackSize                            = 4194304                                   {product} {ergonomic}
   size_t MaxHeapSize                              = 5368709120                                {product} {command line}
   size_t MinHeapDeltaBytes                        = 4194304                                   {product} {ergonomic}
   size_t MinHeapSize                              = 5368709120                                {product} {command line}
    uintx NonNMethodCodeHeapSize                   = 7602480                                {pd product} {ergonomic}
    uintx NonProfiledCodeHeapSize                  = 122027880                              {pd product} {ergonomic}
    uintx ProfiledCodeHeapSize                     = 122027880                              {pd product} {ergonomic}
    uintx ReservedCodeCacheSize                    = 251658240                              {pd product} {ergonomic}
     bool SegmentedCodeCache                       = true                                      {product} {ergonomic}
   size_t SoftMaxHeapSize                          = 5368709120                             {manageable} {ergonomic}
     bool UseCompressedOops                        = true                           {product lp64_product} {ergonomic}
     bool UseG1GC                                  = true                                      {product} {ergonomic}
     bool UseLargePagesIndividualAllocation        = false                                  {pd product} {ergonomic}

Logging:
Log output configuration:
 #0: stdout all=warning uptime,level,tags foldmultilines=false
 #1: stderr all=off uptime,level,tags foldmultilines=false

Environment Variables:
PATH=C:\Program Files\Common Files\Oracle\Java\javapath;C:\Program Files (x86)\Common Files\Oracle\Java\javapath;C:\WINDOWS\system32;C:\WINDOWS;C:\WINDOWS\System32\Wbem;C:\WINDOWS\System32\WindowsPowerShell\v1.0\;C:\WINDOWS\System32\OpenSSH\;C:\Program Files\NVIDIA Corporation\NVIDIA App\NvDLISR;C:\Program Files (x86)\NVIDIA Corporation\PhysX\Common;C:\Program Files\nodejs\;C:\Program Files\Git\cmd;C:\Program Files\playit_gg\bin\;C:\Users\ENEZE\AppData\Local\Programs\Python\Launcher\;C:\Users\ENEZE\AppData\Local\Microsoft\WindowsApps;C:\Program Files (x86)\Nmap;C:\Program Files (x86)\Mikero\DePboTools\bin;C:\Users\ENEZE\AppData\Roaming\npm;C:\Users\ENEZE\AppData\Local\Programs\Microsoft VS Code\bin;C:\Users\ENEZE\AppData\Local\Microsoft\WindowsApps;
USERNAME=ENEZE
OS=Windows_NT
PROCESSOR_IDENTIFIER=AMD64 Family 23 Model 1 Stepping 1, AuthenticAMD
TMP=C:\Users\ENEZE\AppData\Local\Temp
TEMP=C:\Users\ENEZE\AppData\Local\Temp




Periodic native trim disabled

---------------  S Y S T E M  ---------------

OS:
 Windows 11 , 64 bit Build 26100 (10.0.26100.6725)
OS uptime: 0 days 8:56 hours

CPU: total 16 (initial active 16) (16 cores per cpu, 2 threads per core) family 23 model 1 stepping 1 microcode 0x8001138, cx8, cmov, fxsr, ht, mmx, 3dnowpref, sse, sse2, sse3, ssse3, sse4a, sse4.1, sse4.2, popcnt, lzcnt, tsc, tscinvbit, avx, avx2, aes, clmul, bmi1, bmi2, adx, sha, fma, vzeroupper, clflush, clflushopt, rdtscp, f16c
Processor Information for all 16 processors :
  Max Mhz: 3000, Current Mhz: 3000, Mhz Limit: 3000

Memory: 4k page, system-wide physical 16307M (4933M free)
TotalPageFile size 25756M (AvailPageFile size 3251M)
current process WorkingSet (physical memory assigned to process): 12M, peak: 12M
current process commit charge ("private bytes"): 70M, peak: 5190M

vm_info: Java HotSpot(TM) 64-Bit Server VM (21.0.7+8-LTS-245) for windows-amd64 JRE (21.0.7+8-LTS-245), built on 2025-02-21T05:11:27Z by "mach5one" with MS VC++ 17.6 (VS2022)

END.
